Determining if the log exist failed with the following output:
Change Dir: /home/notyet/LG/CPP/CmakeTutorial/CmakeTutorial/Step5_Build/CMakeFiles/CMakeTmp

Run Build Command(s):/usr/bin/gmake cmTC_f29a1/fast && /usr/bin/gmake -f CMakeFiles/cmTC_f29a1.dir/build.make CMakeFiles/cmTC_f29a1.dir/build
gmake[1]: Entering directory '/home/notyet/LG/CPP/CmakeTutorial/CmakeTutorial/Step5_Build/CMakeFiles/CMakeTmp'
Building C object CMakeFiles/cmTC_f29a1.dir/CheckSymbolExists.c.o
/usr/bin/cc    -o CMakeFiles/cmTC_f29a1.dir/CheckSymbolExists.c.o   -c /home/notyet/LG/CPP/CmakeTutorial/CmakeTutorial/Step5_Build/CMakeFiles/CMakeTmp/CheckSymbolExists.c
Linking C executable cmTC_f29a1
/usr/bin/cmake -E cmake_link_script CMakeFiles/cmTC_f29a1.dir/link.txt --verbose=1
/usr/bin/cc      CMakeFiles/cmTC_f29a1.dir/CheckSymbolExists.c.o  -o cmTC_f29a1 
/usr/bin/ld: CMakeFiles/cmTC_f29a1.dir/CheckSymbolExists.c.o: in function `main':
CheckSymbolExists.c:(.text+0x1f): undefined reference to `log'
collect2: error: ld returned 1 exit status
gmake[1]: *** [CMakeFiles/cmTC_f29a1.dir/build.make:87: cmTC_f29a1] Error 1
gmake[1]: Leaving directory '/home/notyet/LG/CPP/CmakeTutorial/CmakeTutorial/Step5_Build/CMakeFiles/CMakeTmp'
gmake: *** [Makefile:121: cmTC_f29a1/fast] Error 2


File /home/notyet/LG/CPP/CmakeTutorial/CmakeTutorial/Step5_Build/CMakeFiles/CMakeTmp/CheckSymbolExists.c:
/* */
#include <math.h>

int main(int argc, char** argv)
{
  (void)argv;
#ifndef log
  return ((int*)(&log))[argc];
#else
  (void)argc;
  return 0;
#endif
}
Determining if the exp exist failed with the following output:
Change Dir: /home/notyet/LG/CPP/CmakeTutorial/CmakeTutorial/Step5_Build/CMakeFiles/CMakeTmp

Run Build Command(s):/usr/bin/gmake cmTC_e7380/fast && /usr/bin/gmake -f CMakeFiles/cmTC_e7380.dir/build.make CMakeFiles/cmTC_e7380.dir/build
gmake[1]: Entering directory '/home/notyet/LG/CPP/CmakeTutorial/CmakeTutorial/Step5_Build/CMakeFiles/CMakeTmp'
Building C object CMakeFiles/cmTC_e7380.dir/CheckSymbolExists.c.o
/usr/bin/cc    -o CMakeFiles/cmTC_e7380.dir/CheckSymbolExists.c.o   -c /home/notyet/LG/CPP/CmakeTutorial/CmakeTutorial/Step5_Build/CMakeFiles/CMakeTmp/CheckSymbolExists.c
Linking C executable cmTC_e7380
/usr/bin/cmake -E cmake_link_script CMakeFiles/cmTC_e7380.dir/link.txt --verbose=1
/usr/bin/cc      CMakeFiles/cmTC_e7380.dir/CheckSymbolExists.c.o  -o cmTC_e7380 
/usr/bin/ld: CMakeFiles/cmTC_e7380.dir/CheckSymbolExists.c.o: in function `main':
CheckSymbolExists.c:(.text+0x1f): undefined reference to `exp'
collect2: error: ld returned 1 exit status
gmake[1]: *** [CMakeFiles/cmTC_e7380.dir/build.make:87: cmTC_e7380] Error 1
gmake[1]: Leaving directory '/home/notyet/LG/CPP/CmakeTutorial/CmakeTutorial/Step5_Build/CMakeFiles/CMakeTmp'
gmake: *** [Makefile:121: cmTC_e7380/fast] Error 2


File /home/notyet/LG/CPP/CmakeTutorial/CmakeTutorial/Step5_Build/CMakeFiles/CMakeTmp/CheckSymbolExists.c:
/* */
#include <math.h>

int main(int argc, char** argv)
{
  (void)argv;
#ifndef exp
  return ((int*)(&exp))[argc];
#else
  (void)argc;
  return 0;
#endif
}
